<?xml version="1.0" encoding="UTF-8"?>
<testsuite name="calculator.CalculatorTest" tests="1" skipped="0" failures="0" errors="0" timestamp="2021-08-22T07:40:59" hostname="MacBook-Pro-2.local" time="0.06">
  <properties/>
  <testcase name="testOperator()" classname="calculator.CalculatorTest" time="0.06"/>
  <system-out><![CDATA[]]></system-out>
  <system-err><![CDATA[]]></system-err>
</testsuite>
